<?xml version="1.0" encoding="UTF-8"?>
<!-- Generated by org.testng.reporters.JUnitReportReporter -->
<testsuite skipped="0" hostname="ADMIN-PC" name="base.Windows" tests="1" failures="0" timestamp="05 Sep 2019 06:02:26 GMT" time="96.063" errors="0">
  <testcase name="url" time="96.063" classname="base.Windows"/>
</testsuite> <!-- base.Windows -->
